[debug] [2023-04-07T18:27:14.341Z] ----------------------------------------------------------------------
[debug] [2023-04-07T18:27:14.345Z] Command:       C:\Program Files\nodejs\node.exe C:\Users\asus\AppData\Roaming\npm\node_modules\firebase-tools\lib\bin\firebase.js deploy
[debug] [2023-04-07T18:27:14.346Z] CLI Version:   11.25.3
[debug] [2023-04-07T18:27:14.346Z] Platform:      win32
[debug] [2023-04-07T18:27:14.346Z] Node Version:  v16.17.1
[debug] [2023-04-07T18:27:14.375Z] Time:          Sat Apr 08 2023 01:27:14 GMT+0700 (Indochina Time)
[debug] [2023-04-07T18:27:14.376Z] ----------------------------------------------------------------------
[debug] 
[debug] [2023-04-07T18:27:14.386Z] >>> [apiv2][query] GET https://firebase-public.firebaseio.com/cli.json [none]
[debug] [2023-04-07T18:27:14.526Z] > command requires scopes: ["email","openid","https://www.googleapis.com/auth/cloudplatformprojects.readonly","https://www.googleapis.com/auth/firebase","https://www.googleapis.com/auth/cloud-platform"]
[debug] [2023-04-07T18:27:14.527Z] > authorizing via signed-in user (6234416023@student.chula.ac.th)
[debug] [2023-04-07T18:27:14.527Z] [iam] checking project web-app-for-awc-1061d for permissions ["cloudfunctions.functions.create","cloudfunctions.functions.delete","cloudfunctions.functions.get","cloudfunctions.functions.list","cloudfunctions.functions.update","cloudfunctions.operations.get","datastore.indexes.create","datastore.indexes.delete","datastore.indexes.list","datastore.indexes.update","firebase.projects.get","firebasehosting.sites.update","firebaserules.releases.create","firebaserules.releases.update","firebaserules.rulesets.create"]
[debug] [2023-04-07T18:27:14.529Z] > refreshing access token with scopes: []
[debug] [2023-04-07T18:27:14.530Z] >>> [apiv2][query] POST https://www.googleapis.com/oauth2/v3/token [none]
[debug] [2023-04-07T18:27:14.530Z] >>> [apiv2][body] POST https://www.googleapis.com/oauth2/v3/token [omitted]
[debug] [2023-04-07T18:27:14.707Z] <<< [apiv2][status] POST https://www.googleapis.com/oauth2/v3/token 200
[debug] [2023-04-07T18:27:14.708Z] <<< [apiv2][body] POST https://www.googleapis.com/oauth2/v3/token [omitted]
[debug] [2023-04-07T18:27:14.723Z] >>> [apiv2][query] POST https://cloudresourcemanager.googleapis.com/v1/projects/web-app-for-awc-1061d:testIamPermissions [none]
[debug] [2023-04-07T18:27:14.723Z] >>> [apiv2][(partial)header] POST https://cloudresourcemanager.googleapis.com/v1/projects/web-app-for-awc-1061d:testIamPermissions x-goog-quota-user=projects/web-app-for-awc-1061d
[debug] [2023-04-07T18:27:14.723Z] >>> [apiv2][body] POST https://cloudresourcemanager.googleapis.com/v1/projects/web-app-for-awc-1061d:testIamPermissions {"permissions":["cloudfunctions.functions.create","cloudfunctions.functions.delete","cloudfunctions.functions.get","cloudfunctions.functions.list","cloudfunctions.functions.update","cloudfunctions.operations.get","datastore.indexes.create","datastore.indexes.delete","datastore.indexes.list","datastore.indexes.update","firebase.projects.get","firebasehosting.sites.update","firebaserules.releases.create","firebaserules.releases.update","firebaserules.rulesets.create"]}
[debug] [2023-04-07T18:27:15.082Z] <<< [apiv2][status] GET https://firebase-public.firebaseio.com/cli.json 200
[debug] [2023-04-07T18:27:15.082Z] <<< [apiv2][body] GET https://firebase-public.firebaseio.com/cli.json {"cloudBuildErrorAfter":1594252800000,"cloudBuildWarnAfter":1590019200000,"defaultNode10After":1594252800000,"minVersion":"3.0.5","node8DeploysDisabledAfter":1613390400000,"node8RuntimeDisabledAfter":1615809600000,"node8WarnAfter":1600128000000}
[debug] [2023-04-07T18:27:15.866Z] <<< [apiv2][status] POST https://cloudresourcemanager.googleapis.com/v1/projects/web-app-for-awc-1061d:testIamPermissions 200
[debug] [2023-04-07T18:27:15.867Z] <<< [apiv2][body] POST https://cloudresourcemanager.googleapis.com/v1/projects/web-app-for-awc-1061d:testIamPermissions {"permissions":["cloudfunctions.functions.create","cloudfunctions.functions.delete","cloudfunctions.functions.get","cloudfunctions.functions.list","cloudfunctions.functions.update","cloudfunctions.operations.get","datastore.indexes.create","datastore.indexes.delete","datastore.indexes.list","datastore.indexes.update","firebase.projects.get","firebasehosting.sites.update","firebaserules.releases.create","firebaserules.releases.update","firebaserules.rulesets.create"]}
[debug] [2023-04-07T18:27:15.867Z] >>> [apiv2][query] POST https://iam.googleapis.com/v1/projects/web-app-for-awc-1061d/serviceAccounts/web-app-for-awc-1061d@appspot.gserviceaccount.com:testIamPermissions [none]
[debug] [2023-04-07T18:27:15.867Z] >>> [apiv2][body] POST https://iam.googleapis.com/v1/projects/web-app-for-awc-1061d/serviceAccounts/web-app-for-awc-1061d@appspot.gserviceaccount.com:testIamPermissions {"permissions":["iam.serviceAccounts.actAs"]}
[debug] [2023-04-07T18:27:16.998Z] <<< [apiv2][status] POST https://iam.googleapis.com/v1/projects/web-app-for-awc-1061d/serviceAccounts/web-app-for-awc-1061d@appspot.gserviceaccount.com:testIamPermissions 200
[debug] [2023-04-07T18:27:16.999Z] <<< [apiv2][body] POST https://iam.googleapis.com/v1/projects/web-app-for-awc-1061d/serviceAccounts/web-app-for-awc-1061d@appspot.gserviceaccount.com:testIamPermissions {"permissions":["iam.serviceAccounts.actAs"]}
[debug] [2023-04-07T18:27:17.000Z] >>> [apiv2][query] GET https://firebase.googleapis.com/v1beta1/projects/web-app-for-awc-1061d [none]
[debug] [2023-04-07T18:27:17.376Z] <<< [apiv2][status] GET https://firebase.googleapis.com/v1beta1/projects/web-app-for-awc-1061d 200
[debug] [2023-04-07T18:27:17.377Z] <<< [apiv2][body] GET https://firebase.googleapis.com/v1beta1/projects/web-app-for-awc-1061d {"projectId":"web-app-for-awc-1061d","projectNumber":"386776119508","displayName":"Web App for AWC","name":"projects/web-app-for-awc-1061d","resources":{"hostingSite":"web-app-for-awc-1061d","realtimeDatabaseInstance":"web-app-for-awc-1061d-default-rtdb","storageBucket":"web-app-for-awc-1061d.appspot.com","locationId":"asia-southeast1"},"state":"ACTIVE","etag":"1_d522c804-4a24-4e02-be92-21b4bbc78683"}
[info] 
[info] === Deploying to 'web-app-for-awc-1061d'...
[info] 
[info] i  deploying storage, firestore, functions, hosting 
[debug] [2023-04-07T18:27:17.386Z] >>> [apiv2][query] GET https://appengine.googleapis.com/v1/apps/web-app-for-awc-1061d [none]
[debug] [2023-04-07T18:27:17.666Z] <<< [apiv2][status] GET https://appengine.googleapis.com/v1/apps/web-app-for-awc-1061d 200
[debug] [2023-04-07T18:27:17.666Z] <<< [apiv2][body] GET https://appengine.googleapis.com/v1/apps/web-app-for-awc-1061d {"name":"apps/web-app-for-awc-1061d","id":"web-app-for-awc-1061d","authDomain":"gmail.com","locationId":"asia-southeast1","codeBucket":"staging.web-app-for-awc-1061d.appspot.com","servingStatus":"SERVING","defaultHostname":"web-app-for-awc-1061d.as.r.appspot.com","defaultBucket":"web-app-for-awc-1061d.appspot.com","serviceAccount":"web-app-for-awc-1061d@appspot.gserviceaccount.com","gcrDomain":"asia.gcr.io","databaseType":"CLOUD_FIRESTORE","featureSettings":{"splitHealthChecks":true,"useContainerOptimizedOs":true}}
[info] i  firebase.storage: checking storage.rules for compilation errors... 
[debug] [2023-04-07T18:27:17.704Z] >>> [apiv2][query] POST https://firebaserules.googleapis.com/v1/projects/web-app-for-awc-1061d:test [none]
[debug] [2023-04-07T18:27:17.705Z] >>> [apiv2][body] POST https://firebaserules.googleapis.com/v1/projects/web-app-for-awc-1061d:test [omitted]
[debug] [2023-04-07T18:27:19.148Z] <<< [apiv2][status] POST https://firebaserules.googleapis.com/v1/projects/web-app-for-awc-1061d:test 200
[debug] [2023-04-07T18:27:19.149Z] <<< [apiv2][body] POST https://firebaserules.googleapis.com/v1/projects/web-app-for-awc-1061d:test {}
[info] +  firebase.storage: rules file storage.rules compiled successfully 
[info] i  firestore: reading indexes from firestore.indexes.json... 
[info] i  cloud.firestore: checking firestore.rules for compilation errors... 
[debug] [2023-04-07T18:27:19.154Z] >>> [apiv2][query] POST https://firebaserules.googleapis.com/v1/projects/web-app-for-awc-1061d:test [none]
[debug] [2023-04-07T18:27:19.154Z] >>> [apiv2][body] POST https://firebaserules.googleapis.com/v1/projects/web-app-for-awc-1061d:test [omitted]
[debug] [2023-04-07T18:27:20.531Z] <<< [apiv2][status] POST https://firebaserules.googleapis.com/v1/projects/web-app-for-awc-1061d:test 200
[debug] [2023-04-07T18:27:20.531Z] <<< [apiv2][body] POST https://firebaserules.googleapis.com/v1/projects/web-app-for-awc-1061d:test {}
[info] +  cloud.firestore: rules file firestore.rules compiled successfully 
[debug] [2023-04-07T18:27:20.533Z] >>> [apiv2][query] GET https://firebase.googleapis.com/v1beta1/projects/web-app-for-awc-1061d [none]
[debug] [2023-04-07T18:27:21.098Z] <<< [apiv2][status] GET https://firebase.googleapis.com/v1beta1/projects/web-app-for-awc-1061d 200
[debug] [2023-04-07T18:27:21.098Z] <<< [apiv2][body] GET https://firebase.googleapis.com/v1beta1/projects/web-app-for-awc-1061d {"projectId":"web-app-for-awc-1061d","projectNumber":"386776119508","displayName":"Web App for AWC","name":"projects/web-app-for-awc-1061d","resources":{"hostingSite":"web-app-for-awc-1061d","realtimeDatabaseInstance":"web-app-for-awc-1061d-default-rtdb","storageBucket":"web-app-for-awc-1061d.appspot.com","locationId":"asia-southeast1"},"state":"ACTIVE","etag":"1_d522c804-4a24-4e02-be92-21b4bbc78683"}
[info] i  functions: preparing codebase default for deployment 
[info] i  functions: ensuring required API cloudfunctions.googleapis.com is enabled... 
[info] i  functions: ensuring required API cloudbuild.googleapis.com is enabled... 
[info] i  artifactregistry: ensuring required API artifactregistry.googleapis.com is enabled... 
[debug] [2023-04-07T18:27:21.104Z] >>> [apiv2][query] GET https://serviceusage.googleapis.com/v1/projects/web-app-for-awc-1061d/services/cloudfunctions.googleapis.com [none]
[debug] [2023-04-07T18:27:21.104Z] >>> [apiv2][(partial)header] GET https://serviceusage.googleapis.com/v1/projects/web-app-for-awc-1061d/services/cloudfunctions.googleapis.com x-goog-quota-user=projects/web-app-for-awc-1061d
[debug] [2023-04-07T18:27:21.106Z] >>> [apiv2][query] GET https://serviceusage.googleapis.com/v1/projects/web-app-for-awc-1061d/services/runtimeconfig.googleapis.com [none]
[debug] [2023-04-07T18:27:21.106Z] >>> [apiv2][(partial)header] GET https://serviceusage.googleapis.com/v1/projects/web-app-for-awc-1061d/services/runtimeconfig.googleapis.com x-goog-quota-user=projects/web-app-for-awc-1061d
[debug] [2023-04-07T18:27:21.108Z] >>> [apiv2][query] GET https://serviceusage.googleapis.com/v1/projects/web-app-for-awc-1061d/services/cloudbuild.googleapis.com [none]
[debug] [2023-04-07T18:27:21.108Z] >>> [apiv2][(partial)header] GET https://serviceusage.googleapis.com/v1/projects/web-app-for-awc-1061d/services/cloudbuild.googleapis.com x-goog-quota-user=projects/web-app-for-awc-1061d
[debug] [2023-04-07T18:27:21.109Z] >>> [apiv2][query] GET https://serviceusage.googleapis.com/v1/projects/web-app-for-awc-1061d/services/artifactregistry.googleapis.com [none]
[debug] [2023-04-07T18:27:21.110Z] >>> [apiv2][(partial)header] GET https://serviceusage.googleapis.com/v1/projects/web-app-for-awc-1061d/services/artifactregistry.googleapis.com x-goog-quota-user=projects/web-app-for-awc-1061d
[debug] [2023-04-07T18:27:22.632Z] <<< [apiv2][status] GET https://serviceusage.googleapis.com/v1/projects/web-app-for-awc-1061d/services/runtimeconfig.googleapis.com 200
[debug] [2023-04-07T18:27:22.632Z] <<< [apiv2][body] GET https://serviceusage.googleapis.com/v1/projects/web-app-for-awc-1061d/services/runtimeconfig.googleapis.com [omitted]
[debug] [2023-04-07T18:27:22.642Z] <<< [apiv2][status] GET https://serviceusage.googleapis.com/v1/projects/web-app-for-awc-1061d/services/cloudfunctions.googleapis.com 200
[debug] [2023-04-07T18:27:22.642Z] <<< [apiv2][body] GET https://serviceusage.googleapis.com/v1/projects/web-app-for-awc-1061d/services/cloudfunctions.googleapis.com [omitted]
[info] +  functions: required API cloudfunctions.googleapis.com is enabled 
[debug] [2023-04-07T18:27:22.682Z] <<< [apiv2][status] GET https://serviceusage.googleapis.com/v1/projects/web-app-for-awc-1061d/services/cloudbuild.googleapis.com 200
[debug] [2023-04-07T18:27:22.682Z] <<< [apiv2][body] GET https://serviceusage.googleapis.com/v1/projects/web-app-for-awc-1061d/services/cloudbuild.googleapis.com [omitted]
[info] +  functions: required API cloudbuild.googleapis.com is enabled 
[debug] [2023-04-07T18:27:22.684Z] <<< [apiv2][status] GET https://serviceusage.googleapis.com/v1/projects/web-app-for-awc-1061d/services/artifactregistry.googleapis.com 200
[debug] [2023-04-07T18:27:22.684Z] <<< [apiv2][body] GET https://serviceusage.googleapis.com/v1/projects/web-app-for-awc-1061d/services/artifactregistry.googleapis.com [omitted]
[info] +  artifactregistry: required API artifactregistry.googleapis.com is enabled 
[debug] [2023-04-07T18:27:22.687Z] >>> [apiv2][query] GET https://firebase.googleapis.com/v1beta1/projects/web-app-for-awc-1061d/adminSdkConfig [none]
[debug] [2023-04-07T18:27:23.035Z] <<< [apiv2][status] GET https://firebase.googleapis.com/v1beta1/projects/web-app-for-awc-1061d/adminSdkConfig 200
[debug] [2023-04-07T18:27:23.036Z] <<< [apiv2][body] GET https://firebase.googleapis.com/v1beta1/projects/web-app-for-awc-1061d/adminSdkConfig {"projectId":"web-app-for-awc-1061d","databaseURL":"https://web-app-for-awc-1061d-default-rtdb.firebaseio.com","storageBucket":"web-app-for-awc-1061d.appspot.com","locationId":"asia-southeast1"}
[debug] [2023-04-07T18:27:23.037Z] >>> [apiv2][query] GET https://runtimeconfig.googleapis.com/v1beta1/projects/web-app-for-awc-1061d/configs [none]
[debug] [2023-04-07T18:27:23.451Z] <<< [apiv2][status] GET https://runtimeconfig.googleapis.com/v1beta1/projects/web-app-for-awc-1061d/configs 200
[debug] [2023-04-07T18:27:23.452Z] <<< [apiv2][body] GET https://runtimeconfig.googleapis.com/v1beta1/projects/web-app-for-awc-1061d/configs {}
[debug] [2023-04-07T18:27:23.455Z] Validating nodejs source
[debug] [2023-04-07T18:27:25.444Z] > [functions] package.json contents: {
  "name": "functions",
  "description": "Cloud Functions for Firebase",
  "scripts": {
    "start": "node index.js",
    "image": "gcloud builds submit --tag gcr.io/web-app-for-awc-1061d/functions --project web-app-for-awc-1061d",
    "deploy:public": "gcloud run deploy functions --image gcr.io/web-app-for-awc-1061d/functions --allow-unauthenticated --region asia-southeast1 --project web-app-for-awc-1061d",
    "deploy:private": "gcloud run deploy functions --image gcr.io/web-app-for-awc-1061d/functions --no-allow-unauthenticated --region asia-southeast1 --project web-app-for-awc-1061d",
    "describe": "gcloud run services describe functions --region asia-southeast1 --project web-app-for-awc-1061d --platform managed",
    "find": "gcloud run services describe functions --region asia-southeast1 --project web-app-for-awc-1061d --platform managed --format='value(status.url)'"
  },
  "engines": {
    "node": "16"
  },
  "main": "index.js",
  "dependencies": {
    "cors": "^2.8.5",
    "express": "^4.18.2",
    "firebase": "^9.19.1",
    "firebase-admin": "^11.5.0",
    "firebase-functions": "^4.2.1",
    "peer": "^1.0.0",
    "socket.io": "^4.6.1"
  },
  "devDependencies": {
    "firebase-functions-test": "^3.0.0"
  },
  "private": true
}
[debug] [2023-04-07T18:27:25.444Z] Building nodejs source
[debug] [2023-04-07T18:27:25.447Z] Could not find functions.yaml. Must use http discovery
[debug] [2023-04-07T18:27:25.525Z] Found firebase-functions binary at 'D:\senior\senior-proj\functions\node_modules\.bin\firebase-functions'
[debug] [2023-04-07T18:27:28.307Z] Serving at port 8194

[debug] [2023-04-07T18:27:32.739Z] FetchError: request to http://localhost:8194/__/quitquitquit failed, reason: connect ECONNREFUSED 127.0.0.1:8194
    at ClientRequest.<anonymous> (C:\Users\asus\AppData\Roaming\npm\node_modules\firebase-tools\node_modules\node-fetch\lib\index.js:1491:11)
    at ClientRequest.emit (node:events:513:28)
    at ClientRequest.emit (node:domain:489:12)
    at Socket.socketErrorListener (node:_http_client:481:9)
    at Socket.emit (node:events:513:28)
    at Socket.emit (node:domain:489:12)
    at emitErrorNT (node:internal/streams/destroy:157:8)
    at emitErrorCloseNT (node:internal/streams/destroy:122:3)
    at processTicksAndRejections (node:internal/process/task_queues:83:21)
[error] 
[error] Error: An unexpected error has occurred.
